#
# There is insufficient memory for the Java Runtime Environment to continue.
# Native memory allocation (mmap) failed to map 9437184 bytes for Failed to commit area from 0x00000000c2a00000 to 0x00000000c3300000 of length 9437184.
# Possible reasons:
#   The system is out of physical RAM or swap space
#   The process is running with CompressedOops enabled, and the Java Heap may be blocking the growth of the native heap
# Possible solutions:
#   Reduce memory load on the system
#   Increase physical memory or swap space
#   Check if swap backing store is full
#   Decrease Java heap size (-Xmx/-Xms)
#   Decrease number of Java threads
#   Decrease Java thread stack sizes (-Xss)
#   Set larger code cache with -XX:ReservedCodeCacheSize=
#   JVM is running with Unscaled Compressed Oops mode in which the Java heap is
#     placed in the first 4GB address space. The Java Heap base address is the
#     maximum limit for the native heap growth. Please use -XX:HeapBaseMinAddress
#     to set the Java Heap base and to place the Java Heap above 4GB virtual address.
# This output file may be truncated or incomplete.
#
#  Out of Memory Error (t:/workspace/hotspot/src/os/windows/vm/os_windows.cpp:3357), pid=4032, tid=2552
#
# JRE version: Java(TM) SE Runtime Environment (9.0+11) (build 9.0.1+11)
# Java VM: Java HotSpot(TM) 64-Bit Server VM (9.0.1+11, mixed mode, tiered, compressed oops, g1 gc, windows-amd64)
# No core dump will be written. Minidumps are not enabled by default on client versions of Windows
#

---------------  S U M M A R Y ------------

Command Line: --add-modules=ALL-SYSTEM --add-opens=java.base/java.util=ALL-UNNAMED --add-opens=java.base/java.lang=ALL-UNNAMED -Declipse.application=org.eclipse.jdt.ls.core.id1 -Dosgi.bundles.defaultStartLevel=4 -Declipse.product=org.eclipse.jdt.ls.core.product -Dfile.encoding=utf8 -DwatchParentProcess=false -Xverify:none -Xmx1G -XX:+UseG1GC -XX:+UseStringDeduplication C:\Users\MAM\.vscode\extensions\redhat.java-0.49.0\server\plugins\org.eclipse.equinox.launcher_1.5.500.v20190715-1310.jar -configuration C:\Users\MAM\.vscode\extensions\redhat.java-0.49.0\server\config_win -data c:\Users\MAM\AppData\Roaming\Code\User\workspaceStorage\d23ea75cfb9c194667e475250b446241\redhat.java\jdt_ws

Host: Intel(R) Core(TM) i7 CPU       L 640  @ 2.13GHz, 4 cores, 3G,  Windows 7 , 64 bit Build 7601 (6.1.7601.19135)
Time: Wed Sep 25 17:30:02 2019 W. Central Africa Standard Time elapsed time: 24 seconds (0d 0h 0m 24s)

---------------  T H R E A D  ---------------

Current thread (0x0000000023006800):  VMThread "VM Thread" [stack: 0x0000000023170000,0x0000000023270000] [id=2552]

Stack: [0x0000000023170000,0x0000000023270000]
[error occurred during error reporting (printing stack bounds), id 0xe0000002]

Native frames: (J=compiled Java code, j=interpreted, Vv=VM code, C=native code)
V  [jvm.dll+0x5870b8]

[error occurred during error reporting (printing native stack), id 0xe0000002]

VM_Operation (0x000000002b7ecca0): G1IncCollectionPause, mode: safepoint, requested by thread 0x0000000025465800


---------------  P R O C E S S  ---------------

Java Threads: ( => current thread )
  0x00000000254fb000 JavaThread "Equinox resolver thread - Equinox Container: 1a0483ea-cb60-4969-b383-93536744f4d2" daemon [_thread_blocked, id=10432, stack(0x000000002b5b0000,0x000000002b6b0000)]
  0x0000000025467800 JavaThread "Equinox resolver thread - Equinox Container: 1a0483ea-cb60-4969-b383-93536744f4d2" daemon [_thread_blocked, id=10428, stack(0x000000002bd10000,0x000000002be10000)]
  0x0000000025467000 JavaThread "Equinox resolver thread - Equinox Container: 1a0483ea-cb60-4969-b383-93536744f4d2" daemon [_thread_blocked, id=10424, stack(0x000000002bb90000,0x000000002bc90000)]
  0x0000000025466000 JavaThread "Equinox resolver thread - Equinox Container: 1a0483ea-cb60-4969-b383-93536744f4d2" daemon [_thread_blocked, id=10420, stack(0x000000002ba40000,0x000000002bb40000)]
  0x0000000025465800 JavaThread "pool-1-thread-1" [_thread_blocked, id=10364, stack(0x000000002b6f0000,0x000000002b7f0000)]
  0x0000000025464800 JavaThread "Worker-2" [_thread_blocked, id=10268, stack(0x000000002b420000,0x000000002b520000)]
  0x0000000025464000 JavaThread "Bundle File Closer" daemon [_thread_blocked, id=10032, stack(0x0000000028420000,0x0000000028520000)]
  0x0000000025463000 JavaThread "Java indexing" daemon [_thread_blocked, id=8996, stack(0x0000000029b20000,0x0000000029c20000)]
  0x0000000025462800 JavaThread "Worker-1" [_thread_blocked, id=2872, stack(0x00000000297e0000,0x00000000298e0000)]
  0x0000000025461800 JavaThread "Worker-0" [_thread_blocked, id=8956, stack(0x0000000029630000,0x0000000029730000)]
  0x0000000025461000 JavaThread "Worker-JM" [_thread_blocked, id=188, stack(0x0000000029530000,0x0000000029630000)]
  0x0000000024804000 JavaThread "Refresh Thread: Equinox Container: 1a0483ea-cb60-4969-b383-93536744f4d2" daemon [_thread_blocked, id=7832, stack(0x0000000026d20000,0x0000000026e20000)]
  0x0000000024818000 JavaThread "Start Level: Equinox Container: 1a0483ea-cb60-4969-b383-93536744f4d2" daemon [_thread_blocked, id=10180, stack(0x0000000026930000,0x0000000026a30000)]
  0x0000000024987000 JavaThread "Framework Event Dispatcher: Equinox Container: 1a0483ea-cb60-4969-b383-93536744f4d2" daemon [_thread_blocked, id=8952, stack(0x0000000026a40000,0x0000000026b40000)]
  0x0000000024bc1000 JavaThread "Active Thread: Equinox Container: 1a0483ea-cb60-4969-b383-93536744f4d2" [_thread_blocked, id=6548, stack(0x00000000267b0000,0x00000000268b0000)]
  0x000000002413a000 JavaThread "Service Thread" daemon [_thread_blocked, id=5480, stack(0x0000000024420000,0x0000000024520000)]
  0x000000002308f800 JavaThread "Common-Cleaner" daemon [_thread_blocked, id=2652, stack(0x00000000242a0000,0x00000000243a0000)]
  0x000000002303b800 JavaThread "Sweeper thread" daemon [_thread_blocked, id=3124, stack(0x0000000023d40000,0x0000000023e40000)]
  0x0000000023030800 JavaThread "C1 CompilerThread2" daemon [_thread_blocked, id=9164, stack(0x0000000023bb0000,0x0000000023cb0000)]
  0x0000000023030000 JavaThread "C2 CompilerThread1" daemon [_thread_blocked, id=1532, stack(0x0000000023a50000,0x0000000023b50000)]
  0x000000002302a800 JavaThread "C2 CompilerThread0" daemon [_thread_blocked, id=9580, stack(0x00000000237e0000,0x00000000238e0000)]
  0x0000000023026000 JavaThread "Attach Listener" daemon [_thread_blocked, id=7608, stack(0x0000000023650000,0x0000000023750000)]
  0x0000000023025000 JavaThread "Signal Dispatcher" daemon [_thread_blocked, id=6572, stack(0x0000000023530000,0x0000000023630000)]
  0x000000002300e800 JavaThread "Finalizer" daemon [_thread_blocked, id=9604, stack(0x0000000023300000,0x0000000023400000)]
  0x0000000023009000 JavaThread "Reference Handler" daemon [_thread_blocked, id=9272, stack(0x0000000022410000,0x0000000022510000)]
  0x0000000000421800 JavaThread "main" [_thread_blocked, id=7188, stack(0x0000000002620000,0x0000000002720000)]

Other Threads:
=>0x0000000023006800 VMThread "VM Thread" [stack: 0x0000000023170000,0x0000000023270000] [id=2552]
  0x0000000024137800 WatcherThread [stack: 0x00000000238f0000,0x00000000239f0000] [id=6704]
  0x000000000044a800 GCTaskThread "GC Thread#0" [stack: 0x000000001c3d0000,0x000000001c4d0000] [id=3316]
  0x000000000044c800 GCTaskThread "GC Thread#1" [stack: 0x000000001c270000,0x000000001c370000] [id=1636]
  0x000000000044e800 GCTaskThread "GC Thread#2" [stack: 0x000000001c520000,0x000000001c620000] [id=9088]
  0x0000000000451800 GCTaskThread "GC Thread#3" [stack: 0x000000001c6e0000,0x000000001c7e0000] [id=8020]
  0x0000000001d23800 ConcurrentGCThread "G1 Main Marker" [stack: 0x000000001fcd0000,0x000000001fdd0000] [id=1604]
  0x0000000001d24800 ConcurrentGCThread "G1 Marker#0" [stack: 0x000000001ffa0000,0x00000000200a0000] [id=6176]
  0x000000000045a800 ConcurrentGCThread "G1 Refine#0" [stack: 0x000000001ce70000,0x000000001cf70000] [id=6664]
  0x0000000000459800 ConcurrentGCThread "G1 Refine#1" [stack: 0x000000001d140000,0x000000001d240000] [id=1608]
  0x0000000000457800 ConcurrentGCThread "G1 Refine#2" [stack: 0x000000001cf90000,0x000000001d090000] [id=9972]
  0x0000000000456800 ConcurrentGCThread "G1 Refine#3" [stack: 0x000000001cce0000,0x000000001cde0000] [id=9960]
  0x0000000001c9b000 ConcurrentGCThread "G1 Young RemSet Sampling" [stack: 0x000000001d2d0000,0x000000001d3d0000] [id=4080]
  0x0000000001d68000 ConcurrentGCThread "G1 StrDedup" [stack: 0x0000000022590000,0x0000000022690000] [id=3032]

Threads with active compile tasks:

VM state:at safepoint (normal execution)

VM Mutex/Monitor currently owned by a thread:  ([mutex/lock_event])
[0x000000000041ea30] Threads_lock - owner thread: 0x0000000023006800
[0x000000000041efd0] Heap_lock - owner thread: 0x0000000025465800

Heap address: 0x00000000c0000000, size: 1024 MB, Compressed Oops mode: 32-bit
Narrow klass base: 0x0000000000000000, Narrow klass shift: 0
Compressed class space size: 1073741824 Address: 0x000000007fff0000

Heap:
 garbage-first heap   total 52224K, used 33420K [0x00000000c0000000, 0x00000000c0100198, 0x0000000100000000)
  region size 1024K, 1 young (1024K), 1 survivors (1024K)
 Metaspace       used 37670K, capacity 40000K, committed 40188K, reserved 1085440K
  class space    used 3862K, capacity 4509K, committed 4608K, reserved 1048576K
Heap Regions: E=young(eden), S=young(survivor), O=old, HS=humongous(starts), HC=humongous(continues), CS=collection set, F=free, A=archive, TS=gc time stamp, AC=allocation context, TAMS=top-at-mark-start (previous, next)
|   0|0x00000000c0000000, 0x00000000c00fe760, 0x00000000c0100000| 99%| O|  |TS  0|AC  0|TAMS 0x00000000c00fe760, 0x00000000c00fe760|
|   1|0x00000000c0100000, 0x00000000c01f5800, 0x00000000c0200000| 95%| O|  |TS  0|AC  0|TAMS 0x00000000c01f5800, 0x00000000c01f5800|
|   2|0x00000000c0200000, 0x00000000c02fe740, 0x00000000c0300000| 99%| O|  |TS  0|AC  0|TAMS 0x00000000c02fe740, 0x00000000c02fe740|
|   3|0x00000000c0300000, 0x00000000c03fffc0, 0x00000000c0400000| 99%| O|  |TS  0|AC  0|TAMS 0x00000000c03fffc0, 0x00000000c03fffc0|
|   4|0x00000000c0400000, 0x00000000c04fffe8, 0x00000000c0500000| 99%| O|  |TS  0|AC  0|TAMS 0x00000000c04fffe8, 0x00000000c04fffe8|
|   5|0x00000000c0500000, 0x00000000c05fffe8, 0x00000000c0600000| 99%| O|  |TS  0|AC  0|TAMS 0x00000000c05fffe8, 0x00000000c05fffe8|
|   6|0x00000000c0600000, 0x00000000c0700000, 0x00000000c0700000|100%| O|  |TS  0|AC  0|TAMS 0x00000000c0700000, 0x00000000c0700000|
|   7|0x00000000c0700000, 0x00000000c07ffff0, 0x00000000c0800000| 99%| O|  |TS  0|AC  0|TAMS 0x00000000c07ffff0, 0x00000000c07ffff0|
|   8|0x00000000c0800000, 0x00000000c0900000, 0x00000000c0900000|100%| O|  |TS  0|AC  0|TAMS 0x00000000c0900000, 0x00000000c0900000|
|   9|0x00000000c0900000, 0x00000000c09ffff8, 0x00000000c0a00000| 99%| O|  |TS  0|AC  0|TAMS 0x00000000c09ffff8, 0x00000000c09ffff8|
|  10|0x00000000c0a00000, 0x00000000c0b00000, 0x00000000c0b00000|100%| O|  |TS  0|AC  0|TAMS 0x00000000c0b00000, 0x00000000c0b00000|
|  11|0x00000000c0b00000, 0x00000000c0c00000, 0x00000000c0c00000|100%| O|  |TS  0|AC  0|TAMS 0x00000000c0c00000, 0x00000000c0c00000|
|  12|0x00000000c0c00000, 0x00000000c0d00000, 0x00000000c0d00000|100%| O|  |TS  0|AC  0|TAMS 0x00000000c0d00000, 0x00000000c0d00000|
|  13|0x00000000c0d00000, 0x00000000c0e00000, 0x00000000c0e00000|100%| O|  |TS  0|AC  0|TAMS 0x00000000c0e00000, 0x00000000c0e00000|
|  14|0x00000000c0e00000, 0x00000000c0f00000, 0x00000000c0f00000|100%| O|  |TS  0|AC  0|TAMS 0x00000000c0f00000, 0x00000000c0f00000|
|  15|0x00000000c0f00000, 0x00000000c1000000, 0x00000000c1000000|100%| O|  |TS  0|AC  0|TAMS 0x00000000c1000000, 0x00000000c1000000|
|  16|0x00000000c1000000, 0x00000000c1100000, 0x00000000c1100000|100%| O|  |TS  0|AC  0|TAMS 0x00000000c1100000, 0x00000000c1100000|
|  17|0x00000000c1100000, 0x00000000c1200000, 0x00000000c1200000|100%| O|  |TS  0|AC  0|TAMS 0x00000000c1200000, 0x00000000c1200000|
|  18|0x00000000c1200000, 0x00000000c1300000, 0x00000000c1300000|100%| O|  |TS  0|AC  0|TAMS 0x00000000c1300000, 0x00000000c1300000|
|  19|0x00000000c1300000, 0x00000000c1400000, 0x00000000c1400000|100%| O|  |TS  0|AC  0|TAMS 0x00000000c13a3a00, 0x00000000c13a3a00|
|  20|0x00000000c1400000, 0x00000000c1500000, 0x00000000c1500000|100%| O|  |TS  0|AC  0|TAMS 0x00000000c1400000, 0x00000000c1400000|
|  21|0x00000000c1500000, 0x00000000c1600000, 0x00000000c1600000|100%| O|  |TS  0|AC  0|TAMS 0x00000000c1600000, 0x00000000c1600000|
|  22|0x00000000c1600000, 0x00000000c1700000, 0x00000000c1700000|100%| O|  |TS  0|AC  0|TAMS 0x00000000c1700000, 0x00000000c1700000|
|  23|0x00000000c1700000, 0x00000000c1800000, 0x00000000c1800000|100%| O|  |TS  0|AC  0|TAMS 0x00000000c1800000, 0x00000000c1800000|
|  24|0x00000000c1800000, 0x00000000c1900000, 0x00000000c1900000|100%| O|  |TS  0|AC  0|TAMS 0x00000000c1900000, 0x00000000c1900000|
|  25|0x00000000c1900000, 0x00000000c1a00000, 0x00000000c1a00000|100%| O|  |TS  0|AC  0|TAMS 0x00000000c1a00000, 0x00000000c1a00000|
|  26|0x00000000c1a00000, 0x00000000c1a89c00, 0x00000000c1b00000| 53%| O|  |TS  1|AC  0|TAMS 0x00000000c1a00000, 0x00000000c1a00000|
|  27|0x00000000c1b00000, 0x00000000c1c00000, 0x00000000c1c00000|100%| O|  |TS  0|AC  0|TAMS 0x00000000c1c00000, 0x00000000c1c00000|
|  28|0x00000000c1c00000, 0x00000000c1d00000, 0x00000000c1d00000|100%| O|  |TS  0|AC  0|TAMS 0x00000000c1d00000, 0x00000000c1d00000|
|  29|0x00000000c1d00000, 0x00000000c1e00000, 0x00000000c1e00000|100%| O|  |TS  0|AC  0|TAMS 0x00000000c1e00000, 0x00000000c1e00000|
|  30|0x00000000c1e00000, 0x00000000c1f00000, 0x00000000c1f00000|100%| O|  |TS  0|AC  0|TAMS 0x00000000c1e00000, 0x00000000c1e00000|
|  31|0x00000000c1f00000, 0x00000000c2000000, 0x00000000c2000000|100%| O|  |TS  0|AC  0|TAMS 0x00000000c1f00000, 0x00000000c1f00000|
|  32|0x00000000c2000000, 0x00000000c2100000, 0x00000000c2100000|100%| O|  |TS  1|AC  0|TAMS 0x00000000c2000000, 0x00000000c2000000|
|  33|0x00000000c2100000, 0x00000000c2100000, 0x00000000c2200000|  0%| F|  |TS  0|AC  0|TAMS 0x00000000c2100000, 0x00000000c2100000|
|  34|0x00000000c2200000, 0x00000000c2200000, 0x00000000c2300000|  0%| F|  |TS  0|AC  0|TAMS 0x00000000c2200000, 0x00000000c2200000|
|  35|0x00000000c2300000, 0x00000000c2300000, 0x00000000c2400000|  0%| F|  |TS  0|AC  0|TAMS 0x00000000c2300000, 0x00000000c2300000|
|  36|0x00000000c2400000, 0x00000000c2400000, 0x00000000c2500000|  0%| F|  |TS  0|AC  0|TAMS 0x00000000c2400000, 0x00000000c2400000|
|  37|0x00000000c2500000, 0x00000000c2500000, 0x00000000c2600000|  0%| F|  |TS  0|AC  0|TAMS 0x00000000c2500000, 0x00000000c2500000|
|  38|0x00000000c2600000, 0x00000000c2600000, 0x00000000c2700000|  0%| F|  |TS  0|AC  0|TAMS 0x00000000c2600000, 0x00000000c2600000|
|  39|0x00000000c2700000, 0x00000000c2726f98, 0x00000000c2800000| 15%| S|CS|TS  1|AC  0|TAMS 0x00000000c2700000, 0x00000000c2700000|
|  40|0x00000000c2800000, 0x00000000c2800000, 0x00000000c2900000|  0%| F|  |TS  1|AC  0|TAMS 0x00000000c2800000, 0x00000000c2800000|
|  41|0x00000000c2900000, 0x00000000c2900000, 0x00000000c2a00000|  0%| F|  |TS  1|AC  0|TAMS 0x00000000c2900000, 0x00000000c2900000|

Card table byte_map: [0x000000001d7d0000,0x000000001d9d0000] byte_map_base: 0x000000001d1d0000

Marking Bits (Prev, Next): (CMBitMap*) 0x0000000001d22e70, (CMBitMap*) 0x0000000001d22ea8
 Prev Bits: [0x000000001dbd0000, 0x000000001ebd0000)
 Next Bits: [0x000000001ebd0000, 0x000000001fbd0000)

Polling page: 0x0000000000120000

CodeHeap 'non-profiled nmethods': size=120064Kb used=2063Kb max_used=2063Kb free=118000Kb
 bounds [0x0000000014b00000, 0x0000000014d70000, 0x000000001c040000]
CodeHeap 'profiled nmethods': size=120000Kb used=9578Kb max_used=10630Kb free=110422Kb
 bounds [0x000000000d5d0000, 0x000000000e050000, 0x0000000014b00000]
CodeHeap 'non-nmethods': size=5696Kb used=1314Kb max_used=1370Kb free=4381Kb
 bounds [0x000000000d040000, 0x000000000d2b0000, 0x000000000d5d0000]
 total_blobs=6111 nmethods=3935 adapters=449
 compilation: enabled

Compilation events (10 events):
Event: 24.370 Thread 0x0000000023030800 nmethod 4517 0x0000000014b83e90 code [0x0000000014b84040, 0x0000000014b84150]
Event: 24.472 Thread 0x0000000023030000 nmethod 4442 0x0000000014d0cf10 code [0x0000000014d0d420, 0x0000000014d11658]
Event: 24.782 Thread 0x0000000023030800 4518       3       java.lang.invoke.DirectMethodHandle::preparedLambdaForm (31 bytes)
Event: 24.783 Thread 0x0000000023030800 nmethod 4518 0x000000000d831310 code [0x000000000d8314e0, 0x000000000d831948]
Event: 24.785 Thread 0x0000000023030800 4519       1       java.lang.invoke.InnerClassLambdaMetafactory::access$200 (5 bytes)
Event: 24.786 Thread 0x0000000023030800 nmethod 4519 0x0000000014c19d90 code [0x0000000014c19f40, 0x0000000014c1a030]
Event: 24.792 Thread 0x0000000023030800 4521       1       java.lang.invoke.InnerClassLambdaMetafactory::access$500 (5 bytes)
Event: 24.792 Thread 0x0000000023030800 nmethod 4521 0x0000000014c3af90 code [0x0000000014c3b140, 0x0000000014c3b230]
Event: 24.792 Thread 0x0000000023030800 4522       1       java.lang.invoke.InnerClassLambdaMetafactory::access$600 (5 bytes)
Event: 24.792 Thread 0x0000000023030800 nmethod 4522 0x0000000014c3ac10 code [0x0000000014c3adc0, 0x0000000014c3aeb0]

GC Heap History (10 events):
Event: 24.282 GC heap after
{Heap after GC invocations=25 (full 1):
 garbage-first heap   total 43008K, used 30296K [0x00000000c0000000, 0x00000000c0100150, 0x0000000100000000)
  region size 1024K, 1 young (1024K), 1 survivors (1024K)
 Metaspace       used 37577K, capacity 39868K, committed 40060K, reserved 1085440K
  class space    used 3851K, capacity 4467K, committed 4480K, reserved 1048576K
}
Event: 24.300 GC heap before
{Heap before GC invocations=25 (full 1):
 garbage-first heap   total 43008K, used 32344K [0x00000000c0000000, 0x00000000c0100150, 0x0000000100000000)
  region size 1024K, 3 young (3072K), 1 survivors (1024K)
 Metaspace       used 37578K, capacity 39868K, committed 40060K, reserved 1085440K
  class space    used 3851K, capacity 4467K, committed 4480K, reserved 1048576K
}
Event: 24.310 GC heap after
{Heap after GC invocations=26 (full 1):
 garbage-first heap   total 43008K, used 31953K [0x00000000c0000000, 0x00000000c0100150, 0x0000000100000000)
  region size 1024K, 1 young (1024K), 1 survivors (1024K)
 Metaspace       used 37578K, capacity 39868K, committed 40060K, reserved 1085440K
  class space    used 3851K, capacity 4467K, committed 4480K, reserved 1048576K
}
Event: 24.314 GC heap before
{Heap before GC invocations=26 (full 1):
 garbage-first heap   total 43008K, used 32977K [0x00000000c0000000, 0x00000000c0100150, 0x0000000100000000)
  region size 1024K, 2 young (2048K), 1 survivors (1024K)
 Metaspace       used 37579K, capacity 39868K, committed 40060K, reserved 1085440K
  class space    used 3851K, capacity 4467K, committed 4480K, reserved 1048576K
}
Event: 24.319 GC heap after
{Heap after GC invocations=27 (full 1):
 garbage-first heap   total 43008K, used 32829K [0x00000000c0000000, 0x00000000c0100150, 0x0000000100000000)
  region size 1024K, 1 young (1024K), 1 survivors (1024K)
 Metaspace       used 37579K, capacity 39868K, committed 40060K, reserved 1085440K
  class space    used 3851K, capacity 4467K, committed 4480K, reserved 1048576K
}
Event: 24.322 GC heap before
{Heap before GC invocations=27 (full 1):
 garbage-first heap   total 43008K, used 33853K [0x00000000c0000000, 0x00000000c0100150, 0x0000000100000000)
  region size 1024K, 2 young (2048K), 1 survivors (1024K)
 Metaspace       used 37579K, capacity 39868K, committed 40060K, reserved 1085440K
  class space    used 3851K, capacity 4467K, committed 4480K, reserved 1048576K
}
Event: 24.329 GC heap after
{Heap after GC invocations=28 (full 1):
 garbage-first heap   total 43008K, used 33606K [0x00000000c0000000, 0x00000000c0100150, 0x0000000100000000)
  region size 1024K, 1 young (1024K), 1 survivors (1024K)
 Metaspace       used 37579K, capacity 39868K, committed 40060K, reserved 1085440K
  class space    used 3851K, capacity 4467K, committed 4480K, reserved 1048576K
}
Event: 24.336 GC heap before
{Heap before GC invocations=28 (full 1):
 garbage-first heap   total 43008K, used 34630K [0x00000000c0000000, 0x00000000c0100150, 0x0000000100000000)
  region size 1024K, 2 young (2048K), 1 survivors (1024K)
 Metaspace       used 37580K, capacity 39868K, committed 40060K, reserved 1085440K
  class space    used 3851K, capacity 4467K, committed 4480K, reserved 1048576K
}
Event: 24.342 GC heap after
{Heap after GC invocations=29 (full 1):
 garbage-first heap   total 43008K, used 34335K [0x00000000c0000000, 0x00000000c0100150, 0x0000000100000000)
  region size 1024K, 1 young (1024K), 1 survivors (1024K)
 Metaspace       used 37580K, capacity 39868K, committed 40060K, reserved 1085440K
  class space    used 3851K, capacity 4467K, committed 4480K, reserved 1048576K
}
Event: 24.798 GC heap before
{Heap before GC invocations=30 (full 1):
 garbage-first heap   total 43008K, used 34335K [0x00000000c0000000, 0x00000000c0100150, 0x0000000100000000)
  region size 1024K, 2 young (2048K), 1 survivors (1024K)
 Metaspace       used 37670K, capacity 40000K, committed 40188K, reserved 1085440K
  class space    used 3862K, capacity 4509K, committed 4608K, reserved 1048576K
}

Deoptimization events (10 events):
Event: 21.752 Thread 0x0000000000421800 Uncommon trap: reason=predicate action=maybe_recompile pc=0x0000000014cd7880 method=java.util.TreeMap.getEntryUsingComparator(Ljava/lang/Object;)Ljava/util/TreeMap$Entry; @ 22 c2
Event: 22.287 Thread 0x0000000000421800 Uncommon trap: reason=unstable_if action=reinterpret pc=0x0000000014b06168 method=java.lang.reflect.Modifier.isSynthetic(I)Z @ 5 c2
Event: 22.287 Thread 0x0000000000421800 Uncommon trap: reason=unstable_if action=reinterpret pc=0x0000000014cb8ed0 method=java.lang.reflect.Modifier.isSynthetic(I)Z @ 5 c2
Event: 23.929 Thread 0x0000000025465800 Uncommon trap: reason=class_check action=maybe_recompile pc=0x0000000014c96250 method=java.lang.reflect.Field.getAnnotation(Ljava/lang/Class;)Ljava/lang/annotation/Annotation; @ 19 c2
Event: 24.038 Thread 0x0000000024818000 Uncommon trap: reason=bimorphic_or_optimized_type_check action=maybe_recompile pc=0x0000000014cc31f8 method=java.util.TimSort.binarySort([Ljava/lang/Object;IIILjava/util/Comparator;)V @ 93 c2
Event: 24.038 Thread 0x0000000024818000 Uncommon trap: reason=bimorphic_or_optimized_type_check action=maybe_recompile pc=0x0000000014cc31f8 method=java.util.TimSort.binarySort([Ljava/lang/Object;IIILjava/util/Comparator;)V @ 93 c2
Event: 24.038 Thread 0x0000000024818000 Uncommon trap: reason=bimorphic_or_optimized_type_check action=maybe_recompile pc=0x0000000014cc31f8 method=java.util.TimSort.binarySort([Ljava/lang/Object;IIILjava/util/Comparator;)V @ 93 c2
Event: 24.038 Thread 0x0000000024818000 Uncommon trap: reason=bimorphic_or_optimized_type_check action=maybe_recompile pc=0x0000000014cc31f8 method=java.util.TimSort.binarySort([Ljava/lang/Object;IIILjava/util/Comparator;)V @ 93 c2
Event: 24.038 Thread 0x0000000025465800 Uncommon trap: reason=bimorphic_or_optimized_type_check action=maybe_recompile pc=0x0000000014cc31f8 method=java.util.TimSort.binarySort([Ljava/lang/Object;IIILjava/util/Comparator;)V @ 93 c2
Event: 24.360 Thread 0x0000000025465800 Uncommon trap: reason=unstable_if action=reinterpret pc=0x0000000014c3d0e0 method=org.apache.felix.resolver.util.OpenHashMap.rehash(I)V @ 258 c2

Classes redefined (0 events):
No events

Internal exceptions (10 events):
Event: 20.075 Thread 0x0000000025461800 Exception <a 'java/io/FileNotFoundException'{0x00000000c20febe8}> (0x00000000c20febe8) thrown at [t:/workspace/hotspot/src/share/vm/prims/jni.cpp, line 604]
Event: 20.103 Thread 0x0000000025462800 Implicit null exception at 0x0000000014cd3776 to 0x0000000014cd66ed
Event: 20.205 Thread 0x0000000025461800 Exception <a 'java/io/FileNotFoundException'{0x00000000c293dde0}> (0x00000000c293dde0) thrown at [t:/workspace/hotspot/src/share/vm/prims/jni.cpp, line 604]
Event: 20.831 Thread 0x0000000025461800 Exception <a 'java/io/FileNotFoundException'{0x00000000c2582fe0}> (0x00000000c2582fe0) thrown at [t:/workspace/hotspot/src/share/vm/prims/jni.cpp, line 604]
Event: 21.490 Thread 0x0000000025461800 Exception <a 'java/io/FileNotFoundException'{0x00000000c24b2e30}> (0x00000000c24b2e30) thrown at [t:/workspace/hotspot/src/share/vm/prims/jni.cpp, line 604]
Event: 21.686 Thread 0x0000000000421800 Exception <a 'java/io/FileNotFoundException'{0x00000000c24f5f40}> (0x00000000c24f5f40) thrown at [t:/workspace/hotspot/src/share/vm/prims/jni.cpp, line 604]
Event: 21.893 Thread 0x0000000000421800 Exception <a 'java/lang/NoSuchMethodError'{0x00000000c2244518}: java.lang.invoke.DirectMethodHandle$Holder.invokeStatic(Ljava/lang/Object;Ljava/lang/Object;Ljava/lang/Object;Ljava/lang/Object;)V> (0x00000000c2244518) thrown at [t:/workspace/hotspot/src/sh
Event: 22.384 Thread 0x0000000000421800 Exception <a 'java/lang/NoSuchMethodError'{0x00000000c295ed60}: method resolution failed> (0x00000000c295ed60) thrown at [t:/workspace/hotspot/src/share/vm/prims/methodHandles.cpp, line 1256]
Event: 23.800 Thread 0x0000000000421800 Exception <a 'java/lang/NoSuchMethodError'{0x00000000c275bcc8}: java.lang.invoke.DirectMethodHandle$Holder.invokeStaticInit(Ljava/lang/Object;Ljava/lang/Object;Ljava/lang/Object;)V> (0x00000000c275bcc8) thrown at [t:/workspace/hotspot/src/share/vm/interpr
Event: 24.787 Thread 0x0000000025465800 Exception <a 'java/lang/NoSuchMethodError'{0x00000000c29d4990}: java.lang.invoke.DirectMethodHandle$Holder.invokeStatic(Ljava/lang/Object;Ljava/lang/Object;Ljava/lang/Object;Ljava/lang/Object;Ljava/lang/Object;Ljava/lang/Object;)V> (0x00000000c29d4990) th

Events (10 events):
Event: 24.785 loading class org/eclipse/jdt/ls/core/internal/handlers/WorkspaceExecuteCommandHandler$DelegateCommandHandlerDescriptor done
Event: 24.787 Executing VM operation: RevokeBias
Event: 24.787 Executing VM operation: RevokeBias done
Event: 24.790 loading class org/eclipse/core/runtime/IConfigurationElement
Event: 24.790 loading class org/eclipse/core/runtime/IConfigurationElement done
Event: 24.791 loading class org/eclipse/core/runtime/IConfigurationElement
Event: 24.791 loading class org/eclipse/core/runtime/IConfigurationElement done
Event: 24.791 loading class org/eclipse/jdt/ls/core/internal/handlers/WorkspaceExecuteCommandHandler$DelegateCommandHandlerDescriptor
Event: 24.791 loading class org/eclipse/jdt/ls/core/internal/handlers/WorkspaceExecuteCommandHandler$DelegateCommandHandlerDescriptor done
Event: 24.798 Executing VM operation: G1IncCollectionPause


Dynamic libraries:
0x000000013fc90000 - 0x000000013fcce000 	C:\Program Files\Java\jdk-9.0.1\bin\java.exe
0x00000000770d0000 - 0x000000007727a000 	C:\Windows\SYSTEM32\ntdll.dll
0x000007fedc9f0000 - 0x000007fedca02000 	C:\Program Files\AVAST Software\Avast\aswhook.dll
0x0000000076e20000 - 0x0000000076f3f000 	C:\Windows\system32\kernel32.dll
0x000007fefcfd0000 - 0x000007fefd03b000 	C:\Windows\system32\KERNELBASE.dll
0x000007feff130000 - 0x000007feff20b000 	C:\Windows\system32\ADVAPI32.dll
0x000007fefd230000 - 0x000007fefd2cf000 	C:\Windows\system32\msvcrt.dll
0x000007feff210000 - 0x000007feff22f000 	C:\Windows\SYSTEM32\sechost.dll
0x000007fefd740000 - 0x000007fefd86d000 	C:\Windows\system32\RPCRT4.dll
0x0000000076d10000 - 0x0000000076e0a000 	C:\Windows\system32\USER32.dll
0x000007feff020000 - 0x000007feff087000 	C:\Windows\system32\GDI32.dll
0x000007fefd870000 - 0x000007fefd87e000 	C:\Windows\system32\LPK.dll
0x000007fefe950000 - 0x000007fefea19000 	C:\Windows\system32\USP10.dll
0x000007fefb840000 - 0x000007fefba34000 	C:\Windows\WinSxS\amd64_microsoft.windows.common-controls_6595b64144ccf1df_6.0.7601.18837_none_fa3b1e3d17594757\COMCTL32.dll
0x000007fefef40000 - 0x000007fefefb1000 	C:\Windows\system32\SHLWAPI.dll
0x000007fefc180000 - 0x000007fefc18c000 	C:\Windows\system32\VERSION.dll
0x000007fefdab0000 - 0x000007fefdade000 	C:\Windows\system32\IMM32.DLL
0x000007fefd9a0000 - 0x000007fefdaa9000 	C:\Windows\system32\MSCTF.dll
0x000007fefcc30000 - 0x000007fefccb8000 	C:\Windows\system32\CcavGuard64.dll
0x000007fefcc20000 - 0x000007fefcc23000 	C:\Windows\system32\api-ms-win-core-synch-l1-2-0.DLL
0x000007fefcc00000 - 0x000007fefcc09000 	C:\Windows\system32\FLTLIB.DLL
0x000007fece130000 - 0x000007fece21f000 	C:\Program Files\Java\jdk-9.0.1\bin\msvcr120.dll
0x000007fece080000 - 0x000007fece126000 	C:\Program Files\Java\jdk-9.0.1\bin\msvcp120.dll
0x000000005e410000 - 0x000000005ee34000 	C:\Program Files\Java\jdk-9.0.1\bin\server\jvm.dll
0x000007fef9c10000 - 0x000007fef9c19000 	C:\Windows\system32\WSOCK32.dll
0x000007fefd4f0000 - 0x000007fefd53d000 	C:\Windows\system32\WS2_32.dll
0x000007fefd4e0000 - 0x000007fefd4e8000 	C:\Windows\system32\NSI.dll
0x000007fef69d0000 - 0x000007fef6a0b000 	C:\Windows\system32\WINMM.dll
0x0000000076f40000 - 0x0000000076f47000 	C:\Windows\system32\PSAPI.DLL
0x000007fecedf0000 - 0x000007fecedff000 	C:\Program Files\Java\jdk-9.0.1\bin\verify.dll
0x000007fecedc0000 - 0x000007fecede7000 	C:\Program Files\Java\jdk-9.0.1\bin\java.dll
0x000007feceda0000 - 0x000007fecedb6000 	C:\Program Files\Java\jdk-9.0.1\bin\zip.dll
0x000007feced90000 - 0x000007feced9a000 	C:\Program Files\Java\jdk-9.0.1\bin\jimage.dll
0x000007fefdae0000 - 0x000007fefe86a000 	C:\Windows\system32\SHELL32.dll
0x000007fefd2d0000 - 0x000007fefd4d3000 	C:\Windows\system32\ole32.dll
0x000007fefce20000 - 0x000007fefce2f000 	C:\Windows\system32\profapi.dll
0x000007feced70000 - 0x000007feced8a000 	C:\Program Files\Java\jdk-9.0.1\bin\net.dll
0x000007fef8ff0000 - 0x000007fef9061000 	C:\Windows\system32\WINHTTP.dll
0x000007fef8f80000 - 0x000007fef8fe5000 	C:\Windows\system32\webio.dll
0x000007fefc5e0000 - 0x000007fefc635000 	C:\Windows\system32\mswsock.dll
0x000007fefc5d0000 - 0x000007fefc5d7000 	C:\Windows\System32\wship6.dll
0x000007fece060000 - 0x000007fece071000 	C:\Program Files\Java\jdk-9.0.1\bin\nio.dll
0x000007fefc640000 - 0x000007fefc657000 	C:\Windows\system32\CRYPTSP.dll
0x000007fefc340000 - 0x000007fefc387000 	C:\Windows\system32\rsaenh.dll
0x000007fefc0b0000 - 0x000007fefc0ce000 	C:\Windows\system32\USERENV.dll
0x000007fefcd50000 - 0x000007fefcd5f000 	C:\Windows\system32\CRYPTBASE.dll
0x000007fefa370000 - 0x000007fefa397000 	C:\Windows\system32\IPHLPAPI.DLL
0x000007fefa360000 - 0x000007fefa36b000 	C:\Windows\system32\WINNSI.DLL
0x000007fefa170000 - 0x000007fefa188000 	C:\Windows\system32\dhcpcsvc.DLL
0x000007fefa130000 - 0x000007fefa141000 	C:\Windows\system32\dhcpcsvc6.DLL
0x000007fece030000 - 0x000007fece059000 	C:\Users\MAM\.vscode\extensions\redhat.java-0.49.0\server\config_win\org.eclipse.equinox.launcher\org.eclipse.equinox.launcher.win32.win32.x86_64_1.1.1100.v20190907-0426\eclipse_1902.dll

VM Arguments:
jvm_args: --add-modules=ALL-SYSTEM --add-opens=java.base/java.util=ALL-UNNAMED --add-opens=java.base/java.lang=ALL-UNNAMED -Declipse.application=org.eclipse.jdt.ls.core.id1 -Dosgi.bundles.defaultStartLevel=4 -Declipse.product=org.eclipse.jdt.ls.core.product -Dfile.encoding=utf8 -DwatchParentProcess=false -Xverify:none -Xmx1G -XX:+UseG1GC -XX:+UseStringDeduplication 
java_command: C:\Users\MAM\.vscode\extensions\redhat.java-0.49.0\server\plugins\org.eclipse.equinox.launcher_1.5.500.v20190715-1310.jar -configuration C:\Users\MAM\.vscode\extensions\redhat.java-0.49.0\server\config_win -data c:\Users\MAM\AppData\Roaming\Code\User\workspaceStorage\d23ea75cfb9c194667e475250b446241\redhat.java\jdt_ws
java_class_path (initial): C:\Users\MAM\.vscode\extensions\redhat.java-0.49.0\server\plugins\org.eclipse.equinox.launcher_1.5.500.v20190715-1310.jar
Launcher Type: SUN_STANDARD

Logging:
Log output configuration:
#0: stdout all=warning uptime,level,tags
#1: stderr all=off uptime,level,tags

Environment Variables:
PATH=C:\Program Files (x86)\Common Files\Oracle\Java\javapath;C:\ProgramData\Oracle\Java\javapath;C:\Windows\system32;C:\Windows;C:\Windows\System32\Wbem;C:\Windows\System32\WindowsPowerShell\v1.0\;c:\Program Files\WIDCOMM\Bluetooth Software\;c:\Program Files\WIDCOMM\Bluetooth Software\syswow64;C:\Program Files\Git\cmd;C:\Program Files\Microsoft VS Code\bin;C:\Program Files\nodejs\;C:\Program Files\IBM\SPSS\Statistics\25\JRE\bin;c:\Apache24\bin;c:\php;C:\Program Files\Java\jdk-9.0.1\bin;C:\Program Files\Microsoft VS Code\bin;C:\Users\MAM\AppData\Roaming\npm;C:\Users\MAM\AppData\Local\GitHubDesktop\bin
USERNAME=MAM
OS=Windows_NT
PROCESSOR_IDENTIFIER=Intel64 Family 6 Model 37 Stepping 5, GenuineIntel



---------------  S Y S T E M  ---------------

OS: Windows 7 , 64 bit Build 7601 (6.1.7601.19135)

CPU:total 4 (initial active 4) (2 cores per cpu, 2 threads per core) family 6 model 37 stepping 5, cmov, cx8, fxsr, mmx, sse, sse2, sse3, ssse3, sse4.1, sse4.2, popcnt, aes, clmul, ht, tsc, tscinvbit

Memory: 4k page, physical 3980676k(330148k free), swap 3978840k(4776k free)

vm_info: Java HotSpot(TM) 64-Bit Server VM (9.0.1+11) for windows-amd64 JRE (9.0.1+11), built on Sep 28 2017 04:54:03 by "mach5one" with MS VC++ 12.0 (VS2013)

END.
