JvmtiExport can_access_local_variables 0
JvmtiExport can_hotswap_or_post_breakpoint 0
JvmtiExport can_post_on_exceptions 0
# 588 ciObject found
ciMethod java/lang/Object <init> ()V 4097 1 392639 0 0
ciMethod java/lang/Object getClass ()Ljava/lang/Class; 3073 1 384 0 -1
ciMethod java/lang/Object hashCode ()I 2049 1 256 0 -1
ciMethod java/lang/Object equals (Ljava/lang/Object;)Z 3137 1 6881 0 -1
ciMethod java/lang/Object clone ()Ljava/lang/Object; 2049 1 256 0 -1
ciMethod java/lang/Object notifyAll ()V 2049 1 256 0 -1
ciMethod java/lang/Object wait ()V 105 1 78 0 -1
ciMethod java/lang/String length ()I 2057 1 163785 0 80
ciMethod java/lang/String isEmpty ()Z 2049 1 3043 0 0
ciMethod java/lang/String charAt (I)C 4097 1 473981 0 144
ciMethod java/lang/String equals (Ljava/lang/Object;)Z 3073 1 6557 0 400
ciMethod java/lang/String startsWith (Ljava/lang/String;I)Z 2057 2577 5382 0 336
ciMethod java/lang/String startsWith (Ljava/lang/String;)Z 2057 1 18844 0 304
ciMethod java/lang/String hashCode ()I 2049 1 10704 0 336
ciMethod java/lang/String indexOf (I)I 1417 1 41899 0 368
ciMethod java/lang/String indexOf (II)I 1769 1 33832 0 400
ciMethod java/lang/String lastIndexOf (I)I 2057 1 17082 0 464
ciMethod java/lang/String lastIndexOf (II)I 2049 1 15554 0 432
ciMethod java/lang/String substring (II)Ljava/lang/String; 2273 1 5485 0 1136
ciMethod java/lang/String intern ()Ljava/lang/String; 2049 1 256 0 -1
ciMethod java/lang/String <init> ([BB)V 2049 1 34065 0 0
ciMethod java/lang/String coder ()B 4097 1 219780 0 48
ciMethod java/lang/String isLatin1 ()Z 4097 1 583573 0 48
ciMethod java/lang/String checkBoundsBeginEnd (III)V 2049 1 5385 0 128
ciMethod java/lang/Class isArray ()Z 2049 1 256 0 -1
ciMethod java/lang/Class isPrimitive ()Z 2049 1 256 0 -1
ciMethod java/lang/Class getName ()Ljava/lang/String; 2057 1 20552 0 304
ciMethod java/lang/Class getName0 ()Ljava/lang/String; 2073 1 259 0 -1
ciMethod java/lang/Class getModule ()Ljava/lang/Module; 1033 1 129 0 0
ciMethod java/lang/Class getPackageName ()Ljava/lang/String; 2049 1 5328 0 0
ciMethod java/lang/Class getComponentType ()Ljava/lang/Class; 2049 1 4210 0 -1
ciMethod java/lang/Class setSigners ([Ljava/lang/Object;)V 3081 1 359 0 -1
ciMethod java/lang/ClassLoader getNamedPackage (Ljava/lang/String;Ljava/lang/Module;)Ljava/lang/NamedPackage; 2049 1 2736 0 0
ciMethod java/lang/ClassLoader preDefineClass (Ljava/lang/String;Ljava/security/ProtectionDomain;)Ljava/security/ProtectionDomain; 4097 1 2730 0 0
ciMethod java/lang/ClassLoader defineClassSourceLocation (Ljava/security/ProtectionDomain;)Ljava/lang/String; 4097 1 2730 0 0
ciMethod java/lang/ClassLoader postDefineClass (Ljava/lang/Class;Ljava/security/ProtectionDomain;)V 2049 1 2729 0 0
ciMethod java/lang/ClassLoader defineClass (Ljava/lang/String;[BIILjava/security/ProtectionDomain;)Ljava/lang/Class; 2049 1 2722 0 0
ciMethod java/lang/ClassLoader defineClass1 (Ljava/lang/ClassLoader;Ljava/lang/String;[BIILjava/security/ProtectionDomain;Ljava/lang/String;)Ljava/lang/Class; 5129 1 641 0 -1
ciMethod java/lang/ClassLoader checkName (Ljava/lang/String;)Z 3089 1 7587 0 400
ciMethod java/lang/ClassLoader checkCerts (Ljava/lang/String;Ljava/security/CodeSource;)V 4097 1 2730 0 0
ciMethod java/lang/ClassLoader compareCerts ([Ljava/security/cert/Certificate;[Ljava/security/cert/Certificate;)Z 2065 23713 2316 0 0
ciMethod java/lang/ClassLoader findLoadedClass (Ljava/lang/String;)Ljava/lang/Class; 2057 1 9548 0 0
ciMethod java/lang/ClassLoader findLoadedClass0 (Ljava/lang/String;)Ljava/lang/Class; 3081 1 385 0 -1
ciMethod java/lang/ClassLoader setSigners (Ljava/lang/Class;[Ljava/lang/Object;)V 2049 1 359 0 0
ciMethod java/lang/ClassLoader getUnnamedModule ()Ljava/lang/Module; 1025 1 128 0 -1
ciMethod java/lang/ClassLoader getBuiltinPlatformClassLoader ()Ljava/lang/ClassLoader; 17 1 14 0 -1
ciMethod java/lang/ClassLoader definePackage (Ljava/lang/String;Ljava/lang/Module;)Ljava/lang/Package; 2049 1 2272 0 -1
ciMethod java/lang/ClassLoader definePackage (Ljava/lang/String;Ljava/lang/String;Ljava/lang/String;Ljava/lang/String;Ljava/lang/String;Ljava/lang/String;Ljava/lang/String;Ljava/net/URL;)Ljava/lang/Package; 441 1 401 0 -1
ciMethod java/lang/ClassLoader getDefinedPackage (Ljava/lang/String;)Ljava/lang/Package; 3081 1 4338 0 -1
ciMethod java/lang/ClassLoader getPackage (Ljava/lang/String;)Ljava/lang/Package; 3073 1 3272 0 -1
ciMethod java/lang/System arraycopy (Ljava/lang/Object;ILjava/lang/Object;II)V 2049 1 256 0 -1
ciMethod java/security/ProtectionDomain getCodeSource ()Ljava/security/CodeSource; 1033 1 129 0 0
ciMethod java/lang/ref/Reference get ()Ljava/lang/Object; 0 0 1 0 -1
ciMethod java/lang/ref/Reference <init> (Ljava/lang/Object;)V 2049 1 10264 0 -1
ciMethod java/lang/ref/WeakReference <init> (Ljava/lang/Object;)V 2049 1 5105 0 -1
ciMethod java/lang/Thread currentThread ()Ljava/lang/Thread; 3073 1 384 0 -1
ciMethod java/lang/Thread interrupt ()V 0 0 1 0 0
ciMethod java/lang/Thread interrupted ()Z 2137 1 5358 0 0
ciMethod java/lang/Thread isInterrupted (Z)Z 2049 1 256 0 -1
ciMethod java/lang/Thread checkAccess ()V 633 1 52 0 -1
ciMethod java/lang/Thread interrupt0 ()V 0 0 1 0 -1
ciMethod java/util/Map get (Ljava/lang/Object;)Ljava/lang/Object; 0 0 1 0 -1
ciMethod java/util/Map put (Ljava/lang/Object;Ljava/lang/Object;)Ljava/lang/Object; 0 0 1 0 -1
ciMethod java/util/Map remove (Ljava/lang/Object;)Ljava/lang/Object; 0 0 1 0 -1
ciMethod java/util/Hashtable get (Ljava/lang/Object;)Ljava/lang/Object; 4097 1409 4077 0 0
ciMethod java/util/Hashtable rehash ()V 593 84889 72 0 -1
ciMethod java/util/Hashtable addEntry (ILjava/lang/Object;Ljava/lang/Object;I)V 4097 1 4331 0 -1
ciMethod java/util/Hashtable put (Ljava/lang/Object;Ljava/lang/Object;)Ljava/lang/Object; 4097 1849 4462 0 0
ciMethod java/lang/Module isNamed ()Z 4097 1 11494 0 48
ciMethod java/lang/AbstractStringBuilder <init> (I)V 897 1 5256 0 464
ciMethod java/lang/AbstractStringBuilder ensureCapacityInternal (I)V 2233 1 7354 0 -1
ciMethod java/lang/AbstractStringBuilder append (Ljava/lang/String;)Ljava/lang/AbstractStringBuilder; 1457 1 6345 0 1296
ciMethod java/lang/AbstractStringBuilder appendNull ()Ljava/lang/AbstractStringBuilder; 0 0 15 0 -1
ciMethod java/lang/AbstractStringBuilder isLatin1 ()Z 2273 1 39606 0 48
ciMethod java/lang/AbstractStringBuilder putStringAt (ILjava/lang/String;)V 2065 1 6368 0 -1
ciMethod java/lang/StringBuilder <init> ()V 825 1 7520 0 -1
ciMethod java/lang/StringBuilder <init> (I)V 1241 1 6068 0 0
ciMethod java/lang/StringBuilder append (Ljava/lang/Object;)Ljava/lang/StringBuilder; 0 0 32 0 -1
ciMethod java/lang/StringBuilder append (Ljava/lang/String;)Ljava/lang/StringBuilder; 1449 1 21357 0 1296
ciMethod java/lang/StringBuilder append (C)Ljava/lang/StringBuilder; 2057 1 58230 0 -1
ciMethod java/lang/StringBuilder toString ()Ljava/lang/String; 977 1 11832 0 944
ciMethod jdk/internal/misc/Unsafe getObjectAcquire (Ljava/lang/Object;J)Ljava/lang/Object; 4097 1 37769 0 -1
ciMethod java/net/URL getQuery ()Ljava/lang/String; 1025 1 128 0 0
ciMethod java/net/URL getPath ()Ljava/lang/String; 1025 1 128 0 0
ciMethod java/net/URL getAuthority ()Ljava/lang/String; 1041 1 130 0 0
ciMethod java/net/URL getProtocol ()Ljava/lang/String; 1041 1 130 0 0
ciMethod java/net/URL getRef ()Ljava/lang/String; 1041 1 130 0 0
ciMethod java/net/URL toString ()Ljava/lang/String; 2049 1 2682 0 0
ciMethod java/net/URL toExternalForm ()Ljava/lang/String; 2049 1 2836 0 0
ciMethod java/security/CodeSource getLocation ()Ljava/net/URL; 1033 1 129 0 0
ciMethod java/security/CodeSource getCertificates ()[Ljava/security/cert/Certificate; 2049 17 5466 0 0
ciMethod java/lang/NullPointerException <init> ()V 0 0 1 0 -1
ciMethod java/lang/StringLatin1 charAt ([BI)C 4097 1 468410 0 96
ciMethod java/lang/StringLatin1 canEncode (I)Z 1785 1 76505 0 64
ciMethod java/lang/StringLatin1 equals ([B[B)Z 2817 5473 4978 0 -1
ciMethod java/lang/StringLatin1 hashCode ([B)I 801 14193 371 0 0
ciMethod java/lang/StringLatin1 indexOf ([BII)I 1097 23225 1279 0 384
ciMethod java/lang/StringLatin1 lastIndexOf ([BII)I 1185 16937 1066 0 352
ciMethod java/lang/StringLatin1 newString ([BII)Ljava/lang/String; 2049 1 24058 0 0
ciMethod java/util/Collection contains (Ljava/lang/Object;)Z 0 0 1 0 -1
ciMethod java/util/Collection iterator ()Ljava/util/Iterator; 0 0 1 0 -1
ciMethod java/util/Collection toArray ()[Ljava/lang/Object; 0 0 1 0 -1
ciMethod java/util/Collection add (Ljava/lang/Object;)Z 0 0 1 0 -1
ciMethod java/util/Collection remove (Ljava/lang/Object;)Z 0 0 1 0 -1
ciMethod java/util/AbstractCollection <init> ()V 2097 1 46990 0 0
ciMethod java/util/Objects requireNonNull (Ljava/lang/Object;)Ljava/lang/Object; 3201 1 82455 0 -1
ciMethod java/util/Objects requireNonNull (Ljava/lang/Object;Ljava/lang/String;)Ljava/lang/Object; 2065 1 17520 0 -1
ciMethod java/util/concurrent/ConcurrentHashMap spread (I)I 2225 1 21959 0 0
ciMethod java/util/concurrent/ConcurrentHashMap tabAt ([Ljava/util/concurrent/ConcurrentHashMap$Node;I)Ljava/util/concurrent/ConcurrentHashMap$Node; 4097 1 37737 0 64
ciMethod java/util/concurrent/ConcurrentHashMap casTabAt ([Ljava/util/concurrent/ConcurrentHashMap$Node;ILjava/util/concurrent/ConcurrentHashMap$Node;Ljava/util/concurrent/ConcurrentHashMap$Node;)Z 2273 1 6796 0 -1
ciMethod java/util/concurrent/ConcurrentHashMap get (Ljava/lang/Object;)Ljava/lang/Object; 3113 41 10661 0 624
ciMethod java/util/concurrent/ConcurrentHashMap putVal (Ljava/lang/Object;Ljava/lang/Object;Z)Ljava/lang/Object; 4097 209 10081 0 -1
ciMethod java/util/concurrent/ConcurrentHashMap putIfAbsent (Ljava/lang/Object;Ljava/lang/Object;)Ljava/lang/Object; 4097 1 9419 0 0
ciMethod java/util/concurrent/ConcurrentHashMap initTable ()[Ljava/util/concurrent/ConcurrentHashMap$Node; 89 1 213 0 -1
ciMethod java/util/concurrent/ConcurrentHashMap addCount (JI)V 4097 25 5796 0 -1
ciMethod java/util/concurrent/ConcurrentHashMap helpTransfer ([Ljava/util/concurrent/ConcurrentHashMap$Node;Ljava/util/concurrent/ConcurrentHashMap$Node;)[Ljava/util/concurrent/ConcurrentHashMap$Node; 0 0 1 0 -1
ciMethod java/util/concurrent/ConcurrentHashMap treeifyBin ([Ljava/util/concurrent/ConcurrentHashMap$Node;I)V 0 0 1 0 -1
ciMethod java/util/Arrays equals ([B[B)Z 2977 1 2302 0 -1
ciMethod java/util/Arrays copyOf ([Ljava/lang/Object;I)[Ljava/lang/Object; 2009 1 6811 0 0
ciMethod java/util/Arrays copyOf ([Ljava/lang/Object;ILjava/lang/Class;)[Ljava/lang/Object; 2729 1 5591 0 -1
ciMethod java/util/Arrays copyOfRange ([BII)[B 2049 1 6227 0 544
ciMethod java/lang/Math max (II)I 2073 1 16532 0 -1
ciMethod java/lang/Math min (II)I 2057 1 43446 0 -1
ciMethod java/security/cert/Certificate equals (Ljava/lang/Object;)Z 2113 1 3408 0 0
ciMethod java/security/cert/Certificate getEncoded ()[B 0 0 1 0 -1
ciMethod java/util/List iterator ()Ljava/util/Iterator; 0 0 1 0 -1
ciMethod java/util/AbstractList <init> ()V 2049 1 31745 0 48
ciMethod java/util/concurrent/ConcurrentHashMap$Node <init> (ILjava/lang/Object;Ljava/lang/Object;)V 2169 1 9576 0 -1
ciMethod java/util/concurrent/ConcurrentHashMap$Node find (ILjava/lang/Object;)Ljava/util/concurrent/ConcurrentHashMap$Node; 0 0 1 0 -1
ciMethod java/util/HashMap hash (Ljava/lang/Object;)I 2057 1 55554 0 160
ciMethod java/util/HashMap get (Ljava/lang/Object;)Ljava/lang/Object; 4097 1 20011 0 592
ciMethod java/util/HashMap getNode (ILjava/lang/Object;)Ljava/util/HashMap$Node; 4097 65 18960 0 464
ciMethod java/util/HashMap put (Ljava/lang/Object;Ljava/lang/Object;)Ljava/lang/Object; 3233 1 13878 0 208
ciMethod java/util/HashMap putVal (ILjava/lang/Object;Ljava/lang/Object;ZZ)Ljava/lang/Object; 2113 161 15931 0 5456
ciMethod java/util/HashMap resize ()[Ljava/util/HashMap$Node; 137 2825 5248 0 -1
ciMethod java/util/HashMap treeifyBin ([Ljava/util/HashMap$Node;I)V 0 0 1 0 -1
ciMethod java/util/HashMap remove (Ljava/lang/Object;)Ljava/lang/Object; 2409 1 4363 0 0
ciMethod java/util/HashMap removeNode (ILjava/lang/Object;Ljava/lang/Object;ZZ)Ljava/util/HashMap$Node; 41 1 4365 0 0
ciMethod java/util/HashMap newNode (ILjava/lang/Object;Ljava/lang/Object;Ljava/util/HashMap$Node;)Ljava/util/HashMap$Node; 4097 1 6218 0 -1
ciMethod java/util/HashMap afterNodeAccess (Ljava/util/HashMap$Node;)V 2105 1 315 0 -1
ciMethod java/util/HashMap afterNodeInsertion (Z)